<?xml version="1.0" encoding="UTF-8"?>
<robot generator="Robot 3.2.2 (Python 3.8.7 on win32)" generated="20210128 16:10:22.315" rpa="false">
<suite id="s1" name="Fetch" source="C:\Users\Harsha\PycharmProjects\robot_proj\urls\fetch.robot">
<test id="s1-t1" name="fetchurls">
<kw name="Open Browser" library="SeleniumLibrary">
<doc>Opens a new browser instance to the given ``url``.</doc>
<arguments>
<arg>${url}</arg>
<arg>${browser}</arg>
</arguments>
<msg timestamp="20210128 16:10:22.454" level="INFO">Opening browser 'chrome' to base url 'https://www.youtube.com/playlist?list=PLFGoYjJG_fqp9BaKRnU26eJqD8zFSCAPd'.</msg>
<status status="PASS" starttime="20210128 16:10:22.454" endtime="20210128 16:10:26.039"></status>
</kw>
<kw name="Get Element Count" library="SeleniumLibrary">
<doc>Returns number of elements matching ``locator``.</doc>
<arguments>
<arg>${xpath}</arg>
</arguments>
<assign>
<var>${links_count}</var>
</assign>
<kw name="Capture Page Screenshot" library="SeleniumLibrary">
<doc>Takes screenshot of the current page and embeds it into log file.</doc>
<msg timestamp="20210128 16:10:26.069" level="FAIL">NoSuchWindowException: Message: no such window: target window already closed
from unknown error: web view not found
  (Session info: chrome=88.0.4324.104)
</msg>
<status status="FAIL" starttime="20210128 16:10:26.043" endtime="20210128 16:10:26.069"></status>
</kw>
<msg timestamp="20210128 16:10:26.070" level="WARN">Keyword 'Capture Page Screenshot' could not be run on failure: NoSuchWindowException: Message: no such window: target window already closed
from unknown error: web view not found
  (Session info: chrome=88.0.4324.104)
</msg>
<msg timestamp="20210128 16:10:26.090" level="FAIL">NoSuchWindowException: Message: no such window: target window already closed
from unknown error: web view not found
  (Session info: chrome=88.0.4324.104)
</msg>
<status status="FAIL" starttime="20210128 16:10:26.039" endtime="20210128 16:10:26.090"></status>
</kw>
<status status="FAIL" starttime="20210128 16:10:22.454" endtime="20210128 16:10:26.090" critical="yes">NoSuchWindowException: Message: no such window: target window already closed
from unknown error: web view not found
  (Session info: chrome=88.0.4324.104)
</status>
</test>
<status status="FAIL" starttime="20210128 16:10:22.315" endtime="20210128 16:10:26.092"></status>
</suite>
<statistics>
<total>
<stat pass="0" fail="1">Critical Tests</stat>
<stat pass="0" fail="1">All Tests</stat>
</total>
<tag>
</tag>
<suite>
<stat pass="0" fail="1" id="s1" name="Fetch">Fetch</stat>
</suite>
</statistics>
<errors>
<msg timestamp="20210128 16:10:26.070" level="WARN">Keyword 'Capture Page Screenshot' could not be run on failure: NoSuchWindowException: Message: no such window: target window already closed
from unknown error: web view not found
  (Session info: chrome=88.0.4324.104)
</msg>
</errors>
</robot>
