<?xml version="1.0" encoding="UTF-8"?>
<robot generator="Robot 3.2.2 (Python 3.8.7 on win32)" generated="20210131 19:41:49.578" rpa="false">
<suite id="s1" name="Second" source="C:\Users\Harsha\PycharmProjects\robot_proj\selenium_proj\second.robot">
<test id="s1-t1" name="testcasexyz">
<kw name="Get Sales Performance Feedback" library="name">
<arguments>
<arg>100</arg>
<arg>500</arg>
</arguments>
<assign>
<var>${readme}</var>
</assign>
<msg timestamp="20210131 19:41:49.596" level="INFO">${readme} = The boss wants to see you...</msg>
<status status="PASS" starttime="20210131 19:41:49.596" endtime="20210131 19:41:49.596"></status>
</kw>
<kw name="Log To Console" library="BuiltIn">
<doc>Logs the given message to the console.</doc>
<arguments>
<arg>${readme}</arg>
</arguments>
<status status="PASS" starttime="20210131 19:41:49.597" endtime="20210131 19:41:49.597"></status>
</kw>
<status status="PASS" starttime="20210131 19:41:49.596" endtime="20210131 19:41:49.597" critical="yes"></status>
</test>
<test id="s1-t2" name="testme123">
<kw name="Read Me" library="teaa">
<arguments>
<arg>harsha</arg>
<arg>50</arg>
</arguments>
<assign>
<var>${rsult}</var>
</assign>
<msg timestamp="20210131 19:41:49.599" level="INFO">${rsult} = harsha500lovely!</msg>
<status status="PASS" starttime="20210131 19:41:49.598" endtime="20210131 19:41:49.599"></status>
</kw>
<kw name="Log To Console" library="BuiltIn">
<doc>Logs the given message to the console.</doc>
<arguments>
<arg>${rsult}</arg>
</arguments>
<status status="PASS" starttime="20210131 19:41:49.599" endtime="20210131 19:41:49.599"></status>
</kw>
<status status="PASS" starttime="20210131 19:41:49.598" endtime="20210131 19:41:49.599" critical="yes"></status>
</test>
<test id="s1-t3" name="testStudent">
<kw name="Maths Marks" library="teaa.Student">
<assign>
<var>${marks}</var>
</assign>
<msg timestamp="20210131 19:41:49.600" level="INFO">${marks} = 500</msg>
<status status="PASS" starttime="20210131 19:41:49.600" endtime="20210131 19:41:49.600"></status>
</kw>
<kw name="Log To Console" library="BuiltIn">
<doc>Logs the given message to the console.</doc>
<arguments>
<arg>${marks}</arg>
</arguments>
<status status="PASS" starttime="20210131 19:41:49.600" endtime="20210131 19:41:49.600"></status>
</kw>
<status status="PASS" starttime="20210131 19:41:49.600" endtime="20210131 19:41:49.600" critical="yes"></status>
</test>
<status status="PASS" starttime="20210131 19:41:49.580" endtime="20210131 19:41:49.601"></status>
</suite>
<statistics>
<total>
<stat pass="3" fail="0">Critical Tests</stat>
<stat pass="3" fail="0">All Tests</stat>
</total>
<tag>
</tag>
<suite>
<stat pass="3" fail="0" id="s1" name="Second">Second</stat>
</suite>
</statistics>
<errors>
</errors>
</robot>
